<?xml version="1.0" encoding="UTF-8" ?>
<testsuite errors="0" failures="0" hostname="SJZMBP.local" name="com.flatironschool.javacs.ListClientExampleTest" skipped="0" tests="1" time="0.146" timestamp="2019-02-14T00:51:36">
  <properties>
    <property name="ant.library.dir" value="/usr/local/Cellar/ant/1.10.5/libexec/lib" />
    <property name="awt.toolkit" value="sun.lwawt.macosx.LWCToolkit" />
    <property name="env.TERM" value="xterm-256color" />
    <property name="env.rvm_bin_path" value="/Users/Sam/.rvm/bin" />
    <property name="java.specification.version" value="10" />
    <property name="ant.project.name" value="JavaCS" />
    <property name="sun.cpu.isalist" value="" />
    <property name="sun.jnu.encoding" value="UTF-8" />
    <property name="env.JAVA_MAIN_CLASS_61899" value="org.apache.tools.ant.launch.Launcher" />
    <property name="env.SKUID_CLIENT_SECRET" value="8340237616982734507" />
    <property name="sun.arch.data.model" value="64" />
    <property name="debuglevel" value="source,lines,vars" />
    <property name="env.GEM_HOME" value="/Users/Sam/.rvm/gems/ruby-2.6.0" />
    <property name="java.vendor.url" value="http://java.oracle.com/" />
    <property name="env.VISUAL" value="atom" />
    <property name="sun.boot.library.path" value="/Library/Java/JavaVirtualMachines/jdk-10.0.1.jdk/Contents/Home/lib" />
    <property name="sun.java.command" value="org.apache.tools.ant.taskdefs.optional.junit.JUnitTestRunner com.flatironschool.javacs.ListClientExampleTest skipNonTests=false filtertrace=true haltOnError=false haltOnFailure=false formatter=org.apache.tools.ant.taskdefs.optional.junit.OutErrSummaryJUnitResultFormatter showoutput=false outputtoformatters=true logfailedtests=true threadid=0 logtestlistenerevents=false formatter=org.apache.tools.ant.taskdefs.optional.junit.XMLJUnitResultFormatter,/Users/Sam/Developer/Flatiron/cs-swapping-implementations-lab-g-416/javacs-lab01/junit/TEST-com.flatironschool.javacs.ListClientExampleTest.xml formatter=org.apache.tools.ant.taskdefs.optional.junit.PlainJUnitResultFormatter crashfile=/Users/Sam/Developer/Flatiron/cs-swapping-implementations-lab-g-416/javacs-lab01/junitvmwatcher11412340093475020191.properties propsfile=/Users/Sam/Developer/Flatiron/cs-swapping-implementations-lab-g-416/javacs-lab01/junit10063329918936170002.properties" />
    <property name="jdk.debug" value="release" />
    <property name="env.SKUID_HOST" value="https://redrabbit.my.salesforce.com" />
    <property name="java.specification.vendor" value="Oracle Corporation" />
    <property name="java.version.date" value="2018-04-17" />
    <property name="env.SKUID_CLIENT_ID" value="3MVG9yZ.WNe6byQAvJM6_CYCAjUY.u6r_6Jc1TmFOwZ4HRmKLzMPFYk1SPXyllRyjT.crhWfovo8QTXhNk.9_" />
    <property name="java.home" value="/Library/Java/JavaVirtualMachines/jdk-10.0.1.jdk/Contents/Home" />
    <property name="basedir" value="/Users/Sam/Developer/Flatiron/cs-swapping-implementations-lab-g-416/javacs-lab01" />
    <property name="file.separator" value="/" />
    <property name="java.vm.compressedOopsMode" value="Zero based" />
    <property name="line.separator" value="&#xa;" />
    <property name="java.vm.specification.vendor" value="Oracle Corporation" />
    <property name="java.specification.name" value="Java Platform API Specification" />
    <property name="env.NVM_BIN" value="/Users/Sam/.nvm/versions/node/v6.11.2/bin" />
    <property name="env.USR_PATHS" value="/usr/local:/usr/local/bin:/usr/local/sbin:/usr/bin" />
    <property name="env._system_name" value="OSX" />
    <property name="sun.management.compiler" value="HotSpot 64-Bit Tiered Compilers" />
    <property name="java.runtime.version" value="10.0.1+10" />
    <property name="env.TERM_PROGRAM_VERSION" value="421.1" />
    <property name="user.name" value="Sam" />
    <property name="env.rvm_version" value="1.29.7 (latest)" />
    <property name="env.PATH" value="/Applications/google-cloud-sdk/bin:/Users/Sam/.rvm/gems/ruby-2.6.0/bin:/Users/Sam/.rvm/gems/ruby-2.6.0@global/bin:/Users/Sam/.rvm/rubies/ruby-2.6.0/bin:/Applications/Postgres.app/Contents/Versions/latest/bin:/usr/local:/usr/local/bin:/usr/local/sbin:/usr/bin:/Users/Sam/.nvm/versions/node/v6.11.2/bin:/usr/local/bin:/usr/bin:/bin:/usr/sbin:/sbin:/opt/X11/bin:/Users/Sam/.rvm/bin" />
    <property name="env.LOGNAME" value="Sam" />
    <property name="env.XPC_FLAGS" value="0x0" />
    <property name="env.__CF_USER_TEXT_ENCODING" value="0x1F7:0x0:0x0" />
    <property name="file.encoding" value="UTF-8" />
    <property name="java.vendor.version" value="18.3" />
    <property name="env.TERM_SESSION_ID" value="D6FAF14C-CB2A-4DF6-B3B2-534E481AA36E" />
    <property name="env.SHLVL" value="2" />
    <property name="java.io.tmpdir" value="/var/folders/79/008qx6td7j33t950cvzxhrl00000gq/T/" />
    <property name="env.IRBRC" value="/Users/Sam/.rvm/rubies/ruby-2.6.0/.irbrc" />
    <property name="java.version" value="10.0.1" />
    <property name="env.rvm_prefix" value="/Users/Sam" />
    <property name="env.SKUID_UN" value="sales@myredrabbit.com" />
    <property name="env.SSH_AUTH_SOCK" value="/private/tmp/com.apple.launchd.TJ6kSmOiRb/Listeners" />
    <property name="java.vm.specification.name" value="Java Virtual Machine Specification" />
    <property name="java.awt.printerjob" value="sun.lwawt.macosx.CPrinterJob" />
    <property name="ant.home" value="/usr/local/Cellar/ant/1.10.5/libexec" />
    <property name="sun.os.patch.level" value="unknown" />
    <property name="junit.output.dir" value="junit" />
    <property name="ant.version" value="Apache Ant(TM) version 1.10.5 compiled on July 10 2018" />
    <property name="java.library.path" value="/Users/Sam/Library/Java/Extensions:/Library/Java/Extensions:/Network/Library/Java/Extensions:/System/Library/Java/Extensions:/usr/lib/java:." />
    <property name="env.TMPDIR" value="/var/folders/79/008qx6td7j33t950cvzxhrl00000gq/T/" />
    <property name="java.vendor" value="Oracle Corporation" />
    <property name="sun.io.unicode.encoding" value="UnicodeBig" />
    <property name="socksNonProxyHosts" value="local|*.local|169.254/16|*.169.254/16" />
    <property name="env.TERM_PROGRAM" value="Apple_Terminal" />
    <property name="gopherProxySet" value="false" />
    <property name="env.PWD" value="/Users/Sam/developer/Flatiron/cs-swapping-implementations-lab-g-416/javacs-lab01" />
    <property name="ant.file.type" value="file" />
    <property name="env.LANG" value="en_US.UTF-8" />
    <property name="file.encoding.pkg" value="sun.io" />
    <property name="env.SKUID_PW" value="Well, that&apos;s n0 ordinary rabbit!AVne9rPwdp4ArNtesdVRKTLCa" />
    <property name="java.class.path" value="/Users/Sam/Developer/Flatiron/cs-swapping-implementations-lab-g-416/javacs-lab01/bin:/Users/Sam/Developer/Flatiron/cs-swapping-implementations-lab-g-416/javacs-lab01/lib/junit-4.12.jar:/Users/Sam/Developer/Flatiron/cs-swapping-implementations-lab-g-416/javacs-lab01/lib/hamcrest-core-1.3.jar:/usr/local/Cellar/ant/1.10.5/libexec/lib/ant-launcher.jar:/usr/local/Cellar/ant/1.10.5/libexec/lib/ant.jar:/usr/local/Cellar/ant/1.10.5/libexec/lib/ant-junit.jar:/usr/local/Cellar/ant/1.10.5/libexec/lib/ant-junit4.jar" />
    <property name="env.rvm_path" value="/Users/Sam/.rvm" />
    <property name="env.HOME" value="/Users/Sam" />
    <property name="source" value="1.6" />
    <property name="java.vm.vendor" value="&quot;Oracle Corporation&quot;" />
    <property name="env.GIT_MERGE_AUTOEDIT" value="no" />
    <property name="env._system_version" value="10.14" />
    <property name="user.timezone" value="" />
    <property name="os.name" value="Mac OS X" />
    <property name="java.vm.specification.version" value="10" />
    <property name="env.DISPLAY" value="/private/tmp/com.apple.launchd.FXPyt9x3Eo/org.macosforge.xquartz:0" />
    <property name="sun.java.launcher" value="SUN_STANDARD" />
    <property name="user.country" value="US" />
    <property name="env.GIT_EDITOR" value="atom" />
    <property name="env.MY_RUBY_HOME" value="/Users/Sam/.rvm/rubies/ruby-2.6.0" />
    <property name="http.nonProxyHosts" value="local|*.local|169.254/16|*.169.254/16" />
    <property name="sun.cpu.endian" value="little" />
    <property name="user.home" value="/Users/Sam" />
    <property name="env.EDITOR" value="atom" />
    <property name="user.language" value="en" />
    <property name="env.NVM_DIR" value="/Users/Sam/.nvm" />
    <property name="ant.java.version" value="10" />
    <property name="java.awt.graphicsenv" value="sun.awt.CGraphicsEnvironment" />
    <property name="ant.file.JavaCS" value="/Users/Sam/Developer/Flatiron/cs-swapping-implementations-lab-g-416/javacs-lab01/build.xml" />
    <property name="env.Apple_PubSub_Socket_Render" value="/private/tmp/com.apple.launchd.KhXBeNO8rF/Render" />
    <property name="env.SVN_EDITOR" value="atom" />
    <property name="env.NODE_PATH" value="/usr/local/lib/node_modules:" />
    <property name="env.XPC_SERVICE_NAME" value="0" />
    <property name="ftp.nonProxyHosts" value="local|*.local|169.254/16|*.169.254/16" />
    <property name="ant.file" value="/Users/Sam/Developer/Flatiron/cs-swapping-implementations-lab-g-416/javacs-lab01/build.xml" />
    <property name="path.separator" value=":" />
    <property name="env.RUBY_VERSION" value="ruby-2.6.0" />
    <property name="os.version" value="10.14.3" />
    <property name="java.runtime.name" value="Java(TM) SE Runtime Environment" />
    <property name="env.GEM_PATH" value="/Users/Sam/.rvm/gems/ruby-2.6.0:/Users/Sam/.rvm/gems/ruby-2.6.0@global" />
    <property name="ant.project.invoked-targets" value="ListClientExampleTest" />
    <property name="java.vm.name" value="Java HotSpot(TM) 64-Bit Server VM" />
    <property name="env.SHELL" value="/bin/bash" />
    <property name="ant.file.type.JavaCS" value="file" />
    <property name="env.NVM_CD_FLAGS" value="" />
    <property name="ant.core.lib" value="/usr/local/Cellar/ant/1.10.5/libexec/lib/ant.jar" />
    <property name="java.vendor.url.bug" value="http://bugreport.java.com/bugreport/" />
    <property name="user.dir" value="/Users/Sam/Developer/Flatiron/cs-swapping-implementations-lab-g-416/javacs-lab01" />
    <property name="os.arch" value="x86_64" />
    <property name="env._system_type" value="Darwin" />
    <property name="target" value="1.6" />
    <property name="java.vm.info" value="mixed mode" />
    <property name="java.vm.version" value="10.0.1+10" />
    <property name="env._system_arch" value="x86_64" />
    <property name="env.USER" value="Sam" />
    <property name="java.class.version" value="54.0" />
    <property name="env.FLATIRON_VERSION" value="1.1.1" />
    <property name="ant.project.default-target" value="build" />
  </properties>
  <testcase classname="com.flatironschool.javacs.ListClientExampleTest" name="testListClientExample" time="0.003" />
  <system-out><![CDATA[]]></system-out>
  <system-err><![CDATA[]]></system-err>
</testsuite>
