<?xml version="1.0" encoding="UTF-8" ?>
<testsuite errors="0" failures="0" hostname="3d57cc19be8a" name="com.flatironschool.javacs.ListClientExampleTest" skipped="0" tests="1" time="0.119" timestamp="2019-06-25T13:31:05">
  <properties>
    <property name="java.vendor" value="Oracle Corporation" />
    <property name="env.IDE_CONTAINER" value="true" />
    <property name="sun.java.launcher" value="SUN_STANDARD" />
    <property name="env.BUNDLER_ORIG_BUNDLE_BIN_PATH" value="BUNDLER_ENVIRONMENT_PRESERVER_INTENTIONALLY_NIL" />
    <property name="env.LAB_NAME" value="cs-swapping-implementations-lab-g-416" />
    <property name="sun.management.compiler" value="HotSpot 64-Bit Tiered Compilers" />
    <property name="env.PROMPT_COMMAND" value="history -a" />
    <property name="env._system_arch" value="x86_64" />
    <property name="env.IDE_VERSION" value="3" />
    <property name="env.DEBIAN_FRONTEND" value="noninteractive" />
    <property name="env.GEM_HOME" value="/usr/local/rvm/gems/ruby-2.6.1" />
    <property name="os.name" value="Linux" />
    <property name="sun.boot.class.path" value="/usr/lib/jvm/java-8-openjdk-amd64/jre/lib/resources.jar:/usr/lib/jvm/java-8-openjdk-amd64/jre/lib/rt.jar:/usr/lib/jvm/java-8-openjdk-amd64/jre/lib/sunrsasign.jar:/usr/lib/jvm/java-8-openjdk-amd64/jre/lib/jsse.jar:/usr/lib/jvm/java-8-openjdk-amd64/jre/lib/jce.jar:/usr/lib/jvm/java-8-openjdk-amd64/jre/lib/charsets.jar:/usr/lib/jvm/java-8-openjdk-amd64/jre/lib/jfr.jar:/usr/lib/jvm/java-8-openjdk-amd64/jre/classes" />
    <property name="env.PWD" value="/home/Pignataro67/cs-swapping-implementations-lab-g-416" />
    <property name="env.SHOTGUN_PORT" value="40070" />
    <property name="env.LANG" value="en_US.UTF-8" />
    <property name="java.vm.specification.vendor" value="Oracle Corporation" />
    <property name="ant.home" value="/usr/share/ant" />
    <property name="env.BUNDLER_ORIG_RUBYLIB" value="BUNDLER_ENVIRONMENT_PRESERVER_INTENTIONALLY_NIL" />
    <property name="java.runtime.version" value="1.8.0_212-8u212-b03-0ubuntu1.16.04.1-b03" />
    <property name="env.MY_RUBY_HOME" value="/usr/local/rvm/rubies/ruby-2.6.1" />
    <property name="env.BUNDLER_ORIG_PATH" value="/var/opt/rails/bin:/var/opt/httpserver/bin:/var/opt/atom/bin:/var/opt/shotgun/bin:/var/opt/rackup/bin:/var/opt/jekyll/bin:/usr/local/rvm/gems/ruby-2.6.1/bin:/usr/local/rvm/gems/ruby-2.6.1@global/bin:/usr/local/rvm/rubies/ruby-2.6.1/bin:/usr/local/sbin:/usr/local/bin:/usr/sbin:/usr/bin:/sbin:/bin:/usr/local/rvm/bin" />
    <property name="env.rvm_version" value="1.29.7 (latest)" />
    <property name="env.RUBY_PORT" value="40072" />
    <property name="user.name" value="Pignataro67" />
    <property name="env._" value="/usr/local/rvm/gems/ruby-2.6.1/bin/learn" />
    <property name="env.USER" value="Pignataro67" />
    <property name="env.SHELL" value="/bin/bash" />
    <property name="env._system_type" value="Linux" />
    <property name="env.PATH" value="/var/opt/rails/bin:/var/opt/httpserver/bin:/var/opt/atom/bin:/var/opt/shotgun/bin:/var/opt/rackup/bin:/var/opt/jekyll/bin:/usr/local/rvm/gems/ruby-2.6.1/bin:/usr/local/rvm/gems/ruby-2.6.1@global/bin:/usr/local/rvm/rubies/ruby-2.6.1/bin:/usr/local/sbin:/usr/local/bin:/usr/sbin:/usr/bin:/sbin:/bin:/usr/local/rvm/bin" />
    <property name="env.REFRESHED_AT" value="2018-11-15" />
    <property name="user.language" value="en" />
    <property name="env.RAILS_PORT" value="40075" />
    <property name="env.rvm_prefix" value="/usr/local" />
    <property name="sun.boot.library.path" value="/usr/lib/jvm/java-8-openjdk-amd64/jre/lib/amd64" />
    <property name="env.MOCHA_PORT" value="40073" />
    <property name="ant.project.default-target" value="build" />
    <property name="ant.project.name" value="JavaCS" />
    <property name="env.rvm_path" value="/usr/local/rvm" />
    <property name="env.LC_CTYPE" value="en_US.UTF-8" />
    <property name="env.RUBY_VERSION" value="ruby-2.6.1" />
    <property name="java.version" value="1.8.0_212" />
    <property name="user.timezone" value="" />
    <property name="sun.arch.data.model" value="64" />
    <property name="env._system_name" value="Ubuntu" />
    <property name="java.endorsed.dirs" value="/usr/lib/jvm/java-8-openjdk-amd64/jre/lib/endorsed" />
    <property name="env.LEARNING_ENVIRONMENT" value="ide_in_browser" />
    <property name="sun.cpu.isalist" value="" />
    <property name="sun.jnu.encoding" value="UTF-8" />
    <property name="env.rvm_bin_path" value="/usr/local/rvm/bin" />
    <property name="file.encoding.pkg" value="sun.io" />
    <property name="env.SHLVL" value="3" />
    <property name="env.BUNDLER_ORIG_GEM_PATH" value="/usr/local/rvm/gems/ruby-2.6.1:/usr/local/rvm/gems/ruby-2.6.1@global" />
    <property name="env.HOSTNAME" value="3d57cc19be8a" />
    <property name="file.separator" value="/" />
    <property name="env._system_version" value="16.04" />
    <property name="java.specification.name" value="Java Platform API Specification" />
    <property name="env.TIMBER_LOGS_KEY_IDE_CONTAINERS" value="5333_9b04115fc85eeddc:e609a5c14634588db7cbde5b73ee52c04f7fd6f676c45d62e22661b45755a3da" />
    <property name="java.class.version" value="52.0" />
    <property name="user.country" value="US" />
    <property name="ant.file.JavaCS" value="/home/Pignataro67/cs-swapping-implementations-lab-g-416/javacs-lab01/build.xml" />
    <property name="java.home" value="/usr/lib/jvm/java-8-openjdk-amd64/jre" />
    <property name="java.vm.info" value="mixed mode" />
    <property name="ant.file" value="/home/Pignataro67/cs-swapping-implementations-lab-g-416/javacs-lab01/build.xml" />
    <property name="os.version" value="4.4.0-142-generic" />
    <property name="env.CREATED_USER" value="Pignataro67" />
    <property name="path.separator" value=":" />
    <property name="java.vm.version" value="25.212-b03" />
    <property name="env.RACK_PORT" value="40071" />
    <property name="ant.library.dir" value="/usr/share/ant/lib" />
    <property name="junit.output.dir" value="junit" />
    <property name="env.BUNDLER_ORIG_BUNDLE_GEMFILE" value="BUNDLER_ENVIRONMENT_PRESERVER_INTENTIONALLY_NIL" />
    <property name="env.IRBRC" value="/usr/local/rvm/rubies/ruby-2.6.1/.irbrc" />
    <property name="env.TERM" value="xterm-256color" />
    <property name="java.awt.printerjob" value="sun.print.PSPrinterJob" />
    <property name="env.BUNDLER_ORIG_RB_USER_INSTALL" value="BUNDLER_ENVIRONMENT_PRESERVER_INTENTIONALLY_NIL" />
    <property name="sun.io.unicode.encoding" value="UnicodeLittle" />
    <property name="awt.toolkit" value="sun.awt.X11.XToolkit" />
    <property name="env.TZ" value="UTC" />
    <property name="env.GEM_PATH" value="/usr/local/rvm/gems/ruby-2.6.1:/usr/local/rvm/gems/ruby-2.6.1@global" />
    <property name="target" value="1.6" />
    <property name="user.home" value="/home/Pignataro67" />
    <property name="java.specification.vendor" value="Oracle Corporation" />
    <property name="env.HOST_IP" value="67.205.152.27" />
    <property name="java.library.path" value="/usr/java/packages/lib/amd64:/usr/lib/x86_64-linux-gnu/jni:/lib/x86_64-linux-gnu:/usr/lib/x86_64-linux-gnu:/usr/lib/jni:/lib:/usr/lib" />
    <property name="java.vendor.url" value="http://java.oracle.com/" />
    <property name="java.vm.vendor" value="Oracle Corporation" />
    <property name="env.JEKYLL_PORT" value="40074" />
    <property name="java.runtime.name" value="OpenJDK Runtime Environment" />
    <property name="ant.version" value="Apache Ant(TM) version 1.9.6 compiled on July 20 2018" />
    <property name="sun.java.command" value="org.apache.tools.ant.taskdefs.optional.junit.JUnitTestRunner com.flatironschool.javacs.ListClientExampleTest skipNonTests=false filtertrace=true haltOnError=false haltOnFailure=false formatter=org.apache.tools.ant.taskdefs.optional.junit.OutErrSummaryJUnitResultFormatter showoutput=false outputtoformatters=true logfailedtests=true threadid=0 logtestlistenerevents=false formatter=org.apache.tools.ant.taskdefs.optional.junit.XMLJUnitResultFormatter,/home/Pignataro67/cs-swapping-implementations-lab-g-416/javacs-lab01/junit/TEST-com.flatironschool.javacs.ListClientExampleTest.xml formatter=org.apache.tools.ant.taskdefs.optional.junit.PlainJUnitResultFormatter crashfile=/home/Pignataro67/cs-swapping-implementations-lab-g-416/javacs-lab01/junitvmwatcher2140730813722148749.properties propsfile=/home/Pignataro67/cs-swapping-implementations-lab-g-416/javacs-lab01/junit8180157711283394924.properties" />
    <property name="java.class.path" value="/home/Pignataro67/cs-swapping-implementations-lab-g-416/javacs-lab01/bin:/home/Pignataro67/cs-swapping-implementations-lab-g-416/javacs-lab01/lib/junit-4.12.jar:/home/Pignataro67/cs-swapping-implementations-lab-g-416/javacs-lab01/lib/hamcrest-core-1.3.jar:/usr/share/java/ant-launcher-1.9.6.jar:/usr/share/ant/lib/ant.jar:/usr/share/ant/lib/ant-junit.jar:/usr/share/ant/lib/ant-junit4.jar" />
    <property name="ant.file.type.JavaCS" value="file" />
    <property name="java.vm.specification.name" value="Java Virtual Machine Specification" />
    <property name="env.DD_LOG_FILE" value="/var/log/phoeyonce/dd_events.log" />
    <property name="ant.file.type" value="file" />
    <property name="java.vm.specification.version" value="1.8" />
    <property name="sun.cpu.endian" value="little" />
    <property name="sun.os.patch.level" value="unknown" />
    <property name="env.HOME" value="/home/Pignataro67" />
    <property name="debuglevel" value="source,lines,vars" />
    <property name="java.io.tmpdir" value="/tmp" />
    <property name="java.vendor.url.bug" value="http://bugreport.sun.com/bugreport/" />
    <property name="env.BUNDLER_ORIG_BUNDLER_VERSION" value="BUNDLER_ENVIRONMENT_PRESERVER_INTENTIONALLY_NIL" />
    <property name="env.SESSION_REF" value="1561469310878874990" />
    <property name="env.BUNDLER_ORIG_RUBYOPT" value="BUNDLER_ENVIRONMENT_PRESERVER_INTENTIONALLY_NIL" />
    <property name="java.awt.graphicsenv" value="sun.awt.X11GraphicsEnvironment" />
    <property name="env.IDE_GIT_WIP" value="true" />
    <property name="os.arch" value="amd64" />
    <property name="java.ext.dirs" value="/usr/lib/jvm/java-8-openjdk-amd64/jre/lib/ext:/usr/java/packages/lib/ext" />
    <property name="env.PS4" value="+ " />
    <property name="user.dir" value="/home/Pignataro67/cs-swapping-implementations-lab-g-416" />
    <property name="env.PS2" value="&gt; " />
    <property name="env.PS1" value="\[\e]2;\u@\h\a[\e[37;44;1m\]\t\[\e[0m\]]\[\033[0;31m\]$(parse_git_branch) \[\e[32m\]\W\[\e[0m\]\n\[\e[0;31m\]\[\e[0;49;34m\]//\[\033[0;31m\] ♥ \[\e[0m\]" />
    <property name="line.separator" value="&#xa;" />
    <property name="java.vm.name" value="OpenJDK 64-Bit Server VM" />
    <property name="env.BUNDLER_ORIG_GEM_HOME" value="/usr/local/rvm/gems/ruby-2.6.1" />
    <property name="env.LEARN_UUID" value="08f37669-5303-4c11-a0b8-d853fb02fd43" />
    <property name="basedir" value="/home/Pignataro67/cs-swapping-implementations-lab-g-416/javacs-lab01" />
    <property name="env.BUNDLER_ORIG_MANPATH" value="BUNDLER_ENVIRONMENT_PRESERVER_INTENTIONALLY_NIL" />
    <property name="ant.java.version" value="1.8" />
    <property name="ant.core.lib" value="/usr/share/ant/lib/ant.jar" />
    <property name="source" value="1.6" />
    <property name="file.encoding" value="UTF-8" />
    <property name="env.LC_COLLATE" value="en_US.UTF-8" />
    <property name="env.BUNDLER_ORIG_BUNDLER_ORIG_MANPATH" value="BUNDLER_ENVIRONMENT_PRESERVER_INTENTIONALLY_NIL" />
    <property name="java.specification.version" value="1.8" />
    <property name="ant.project.invoked-targets" value="test" />
  </properties>
  <testcase classname="com.flatironschool.javacs.ListClientExampleTest" name="testListClientExample" time="0.008" />
  <system-out><![CDATA[]]></system-out>
  <system-err><![CDATA[]]></system-err>
</testsuite>
